<?xml version="1.0" encoding="UTF-8"?>
<testng-results ignored="0" total="1" passed="1" failed="0" skipped="0">
  <reporter-output>
  </reporter-output>
  <suite started-at="2023-12-10T12:09:46 IST" name="Default suite" finished-at="2023-12-10T12:10:23 IST" duration-ms="37038">
    <groups>
    </groups>
    <test started-at="2023-12-10T12:09:46 IST" name="Default test" finished-at="2023-12-10T12:10:23 IST" duration-ms="37038">
      <class name="com.seleniumdemo.GoogleAutoPopulating.GoogleSearchBar">
        <test-method signature="searchBar()[pri:0, instance:com.seleniumdemo.GoogleAutoPopulating.GoogleSearchBar@6b81ce95]" started-at="2023-12-10T12:09:46 IST" name="searchBar" finished-at="2023-12-10T12:10:23 IST" duration-ms="36953" status="PASS">
          <reporter-output>
          </reporter-output>
        </test-method> <!-- searchBar -->
      </class> <!-- com.seleniumdemo.GoogleAutoPopulating.GoogleSearchBar -->
    </test> <!-- Default test -->
  </suite> <!-- Default suite -->
</testng-results>
